# JRE version: OpenJDK Runtime Environment Temurin-21.0.10+7 (21.0.10+7) (build 21.0.10+7-LTS)
# Java VM: OpenJDK 64-Bit Server VM Temurin-21.0.10+7 (21.0.10+7-LTS, mixed mode, sharing, tiered, compressed oops, compressed class ptrs, parallel gc, windows-amd64)
GC Precious Log:
 CardTable entry size: 512
 CPUs: 4 total, 4 available
 Memory: 8072M
 Large Page Support: Disabled
 NUMA Support: Disabled
 Compressed Oops: Enabled (32-bit)
 Alignments: Space 512K, Generation 512K, Heap 2M
 Heap Min Capacity: 100M
 Heap Initial Capacity: 100M
 Heap Max Capacity: 2G
 Pre-touch: Disabled
 Parallel Workers: 4
Heap:
 PSYoungGen      total 3584K, used 1460K [0x00000000d5580000, 0x00000000d5a80000, 0x0000000100000000)
  eden space 2560K, 47% used [0x00000000d5580000,0x00000000d56ad050,0x00000000d5800000)
  from space 1024K, 25% used [0x00000000d5900000,0x00000000d5940000,0x00000000d5a00000)
  to   space 512K, 0% used [0x00000000d5a00000,0x00000000d5a00000,0x00000000d5a80000)
 ParOldGen       total 513024K, used 512368K [0x0000000080000000, 0x000000009f500000, 0x00000000d5580000)
  object space 513024K, 99% used [0x0000000080000000,0x000000009f45c138,0x000000009f500000)
 Metaspace       used 68163K, committed 69568K, reserved 1114112K
  class space    used 6974K, committed 7616K, reserved 1048576K
GC Heap History (20 events):
Event: 4296.978 GC heap before
{Heap before GC invocations=391 (full 4):
 PSYoungGen      total 1024K, used 1024K [0x00000000d5580000, 0x00000000d5980000, 0x0000000100000000)
  eden space 512K, 100% used [0x00000000d5580000,0x00000000d5600000,0x00000000d5600000)
  from space 512K, 100% used [0x00000000d5600000,0x00000000d5680000,0x00000000d5680000)
  to   space 1536K, 0% used [0x00000000d5800000,0x00000000d5800000,0x00000000d5980000)
 ParOldGen       total 470016K, used 469974K [0x0000000080000000, 0x000000009cb00000, 0x00000000d5580000)
  object space 470016K, 99% used [0x0000000080000000,0x000000009caf5b00,0x000000009cb00000)
 Metaspace       used 68105K, committed 69568K, reserved 1114112K
  class space    used 6972K, committed 7616K, reserved 1048576K
}
Event: 4297.011 GC heap after
{Heap after GC invocations=391 (full 4):
 PSYoungGen      total 1536K, used 512K [0x00000000d5580000, 0x00000000d5880000, 0x0000000100000000)
  eden space 1024K, 0% used [0x00000000d5580000,0x00000000d5580000,0x00000000d5680000)
  from space 512K, 100% used [0x00000000d5800000,0x00000000d5880000,0x00000000d5880000)
  to   space 1024K, 0% used [0x00000000d5680000,0x00000000d5680000,0x00000000d5780000)
 ParOldGen       total 470528K, used 470478K [0x0000000080000000, 0x000000009cb80000, 0x00000000d5580000)
  object space 470528K, 99% used [0x0000000080000000,0x000000009cb73b00,0x000000009cb80000)
 Metaspace       used 68105K, committed 69568K, reserved 1114112K
  class space    used 6972K, committed 7616K, reserved 1048576K
}
Event: 4297.015 GC heap before
{Heap before GC invocations=392 (full 4):
 PSYoungGen      total 1536K, used 1536K [0x00000000d5580000, 0x00000000d5880000, 0x0000000100000000)
  eden space 1024K, 100% used [0x00000000d5580000,0x00000000d5680000,0x00000000d5680000)
  from space 512K, 100% used [0x00000000d5800000,0x00000000d5880000,0x00000000d5880000)
  to   space 1024K, 0% used [0x00000000d5680000,0x00000000d5680000,0x00000000d5780000)
 ParOldGen       total 470528K, used 470478K [0x0000000080000000, 0x000000009cb80000, 0x00000000d5580000)
  object space 470528K, 99% used [0x0000000080000000,0x000000009cb73b00,0x000000009cb80000)
 Metaspace       used 68105K, committed 69568K, reserved 1114112K
  class space    used 6972K, committed 7616K, reserved 1048576K
}
Event: 4297.029 GC heap after
{Heap after GC invocations=392 (full 4):
 PSYoungGen      total 2048K, used 1024K [0x00000000d5580000, 0x00000000d5b00000, 0x0000000100000000)
  eden space 1024K, 0% used [0x00000000d5580000,0x00000000d5580000,0x00000000d5680000)
  from space 1024K, 100% used [0x00000000d5680000,0x00000000d5780000,0x00000000d5780000)
  to   space 2048K, 0% used [0x00000000d5900000,0x00000000d5900000,0x00000000d5b00000)
 ParOldGen       total 471040K, used 470982K [0x0000000080000000, 0x000000009cc00000, 0x00000000d5580000)
  object space 471040K, 99% used [0x0000000080000000,0x000000009cbf1b00,0x000000009cc00000)
 Metaspace       used 68105K, committed 69568K, reserved 1114112K
  class space    used 6972K, committed 7616K, reserved 1048576K
}
Event: 4297.034 GC heap before
{Heap before GC invocations=393 (full 4):
 PSYoungGen      total 2048K, used 2048K [0x00000000d5580000, 0x00000000d5b00000, 0x0000000100000000)
  eden space 1024K, 100% used [0x00000000d5580000,0x00000000d5680000,0x00000000d5680000)
  from space 1024K, 100% used [0x00000000d5680000,0x00000000d5780000,0x00000000d5780000)
  to   space 2048K, 0% used [0x00000000d5900000,0x00000000d5900000,0x00000000d5b00000)
 ParOldGen       total 471040K, used 470982K [0x0000000080000000, 0x000000009cc00000, 0x00000000d5580000)
  object space 471040K, 99% used [0x0000000080000000,0x000000009cbf1b00,0x000000009cc00000)
 Metaspace       used 68105K, committed 69568K, reserved 1114112K
  class space    used 6972K, committed 7616K, reserved 1048576K
}
Event: 4297.049 GC heap after
{Heap after GC invocations=393 (full 4):
 PSYoungGen      total 3072K, used 1056K [0x00000000d5580000, 0x00000000d5a80000, 0x0000000100000000)
  eden space 1536K, 0% used [0x00000000d5580000,0x00000000d5580000,0x00000000d5700000)
  from space 1536K, 68% used [0x00000000d5900000,0x00000000d5a08000,0x00000000d5a80000)
  to   space 1536K, 0% used [0x00000000d5780000,0x00000000d5780000,0x00000000d5900000)
 ParOldGen       total 472064K, used 471982K [0x0000000080000000, 0x000000009cd00000, 0x00000000d5580000)
  object space 472064K, 99% used [0x0000000080000000,0x000000009ccebb00,0x000000009cd00000)
 Metaspace       used 68105K, committed 69568K, reserved 1114112K
  class space    used 6972K, committed 7616K, reserved 1048576K
}
Event: 4297.061 GC heap before
{Heap before GC invocations=394 (full 4):
 PSYoungGen      total 3072K, used 2592K [0x00000000d5580000, 0x00000000d5a80000, 0x0000000100000000)
  eden space 1536K, 100% used [0x00000000d5580000,0x00000000d5700000,0x00000000d5700000)
  from space 1536K, 68% used [0x00000000d5900000,0x00000000d5a08000,0x00000000d5a80000)
  to   space 1536K, 0% used [0x00000000d5780000,0x00000000d5780000,0x00000000d5900000)
 ParOldGen       total 472064K, used 471982K [0x0000000080000000, 0x000000009cd00000, 0x00000000d5580000)
  object space 472064K, 99% used [0x0000000080000000,0x000000009ccebb00,0x000000009cd00000)
 Metaspace       used 68105K, committed 69568K, reserved 1114112K
  class space    used 6972K, committed 7616K, reserved 1048576K
}
Event: 4297.069 GC heap after
{Heap after GC invocations=394 (full 4):
 PSYoungGen      total 3584K, used 1536K [0x00000000d5580000, 0x00000000d5d80000, 0x0000000100000000)
  eden space 2048K, 0% used [0x00000000d5580000,0x00000000d5580000,0x00000000d5780000)
  from space 1536K, 100% used [0x00000000d5780000,0x00000000d5900000,0x00000000d5900000)
  to   space 3072K, 0% used [0x00000000d5a80000,0x00000000d5a80000,0x00000000d5d80000)
 ParOldGen       total 473088K, used 473014K [0x0000000080000000, 0x000000009ce00000, 0x00000000d5580000)
  object space 473088K, 99% used [0x0000000080000000,0x000000009cdedb00,0x000000009ce00000)
 Metaspace       used 68105K, committed 69568K, reserved 1114112K
  class space    used 6972K, committed 7616K, reserved 1048576K
}
Event: 4301.868 GC heap before
{Heap before GC invocations=395 (full 4):
 PSYoungGen      total 3584K, used 3584K [0x00000000d5580000, 0x00000000d5d80000, 0x0000000100000000)
  eden space 2048K, 100% used [0x00000000d5580000,0x00000000d5780000,0x00000000d5780000)
  from space 1536K, 100% used [0x00000000d5780000,0x00000000d5900000,0x00000000d5900000)
  to   space 3072K, 0% used [0x00000000d5a80000,0x00000000d5a80000,0x00000000d5d80000)
 ParOldGen       total 473088K, used 473014K [0x0000000080000000, 0x000000009ce00000, 0x00000000d5580000)
  object space 473088K, 99% used [0x0000000080000000,0x000000009cdedb00,0x000000009ce00000)
 Metaspace       used 68106K, committed 69568K, reserved 1114112K
  class space    used 6972K, committed 7616K, reserved 1048576K
}
Event: 4301.920 GC heap after
{Heap after GC invocations=395 (full 4):
 PSYoungGen      total 4096K, used 1002K [0x00000000d5580000, 0x00000000d5c00000, 0x0000000100000000)
  eden space 2560K, 0% used [0x00000000d5580000,0x00000000d5580000,0x00000000d5800000)
  from space 1536K, 65% used [0x00000000d5a80000,0x00000000d5b7a800,0x00000000d5c00000)
  to   space 2048K, 0% used [0x00000000d5800000,0x00000000d5800000,0x00000000d5a00000)
 ParOldGen       total 474624K, used 474542K [0x0000000080000000, 0x000000009cf80000, 0x00000000d5580000)
  object space 474624K, 99% used [0x0000000080000000,0x000000009cf6bb00,0x000000009cf80000)
 Metaspace       used 68106K, committed 69568K, reserved 1114112K
  class space    used 6972K, committed 7616K, reserved 1048576K
}
Event: 4306.204 GC heap before
{Heap before GC invocations=396 (full 4):
 PSYoungGen      total 4096K, used 3548K [0x00000000d5580000, 0x00000000d5c00000, 0x0000000100000000)
  eden space 2560K, 99% used [0x00000000d5580000,0x00000000d57fc8b8,0x00000000d5800000)
  from space 1536K, 65% used [0x00000000d5a80000,0x00000000d5b7a800,0x00000000d5c00000)
  to   space 2048K, 0% used [0x00000000d5800000,0x00000000d5800000,0x00000000d5a00000)
 ParOldGen       total 474624K, used 474542K [0x0000000080000000, 0x000000009cf80000, 0x00000000d5580000)
  object space 474624K, 99% used [0x0000000080000000,0x000000009cf6bb00,0x000000009cf80000)
 Metaspace       used 68106K, committed 69568K, reserved 1114112K
  class space    used 6972K, committed 7616K, reserved 1048576K
}
Event: 4306.211 GC heap after
{Heap after GC invocations=396 (full 4):
 PSYoungGen      total 4608K, used 1888K [0x00000000d5580000, 0x00000000d5d80000, 0x0000000100000000)
  eden space 2560K, 0% used [0x00000000d5580000,0x00000000d5580000,0x00000000d5800000)
  from space 2048K, 92% used [0x00000000d5800000,0x00000000d59d8000,0x00000000d5a00000)
  to   space 2560K, 0% used [0x00000000d5b00000,0x00000000d5b00000,0x00000000d5d80000)
 ParOldGen       total 475648K, used 475366K [0x0000000080000000, 0x000000009d080000, 0x00000000d5580000)
  object space 475648K, 99% used [0x0000000080000000,0x000000009d039b10,0x000000009d080000)
 Metaspace       used 68106K, committed 69568K, reserved 1114112K
  class space    used 6972K, committed 7616K, reserved 1048576K
}
Event: 4306.249 GC heap before
{Heap before GC invocations=397 (full 4):
 PSYoungGen      total 4608K, used 4448K [0x00000000d5580000, 0x00000000d5d80000, 0x0000000100000000)
  eden space 2560K, 100% used [0x00000000d5580000,0x00000000d5800000,0x00000000d5800000)
  from space 2048K, 92% used [0x00000000d5800000,0x00000000d59d8000,0x00000000d5a00000)
  to   space 2560K, 0% used [0x00000000d5b00000,0x00000000d5b00000,0x00000000d5d80000)
 ParOldGen       total 475648K, used 475366K [0x0000000080000000, 0x000000009d080000, 0x00000000d5580000)
  object space 475648K, 99% used [0x0000000080000000,0x000000009d039b10,0x000000009d080000)
 Metaspace       used 68106K, committed 69568K, reserved 1114112K
  class space    used 6972K, committed 7616K, reserved 1048576K
}
Event: 4306.255 GC heap after
{Heap after GC invocations=397 (full 4):
 PSYoungGen      total 5120K, used 2480K [0x00000000d5580000, 0x00000000d5e80000, 0x0000000100000000)
  eden space 2560K, 0% used [0x00000000d5580000,0x00000000d5580000,0x00000000d5800000)
  from space 2560K, 96% used [0x00000000d5b00000,0x00000000d5d6c088,0x00000000d5d80000)
  to   space 3072K, 0% used [0x00000000d5800000,0x00000000d5800000,0x00000000d5b00000)
 ParOldGen       total 477696K, used 477305K [0x0000000080000000, 0x000000009d280000, 0x00000000d5580000)
  object space 477696K, 99% used [0x0000000080000000,0x000000009d21e568,0x000000009d280000)
 Metaspace       used 68106K, committed 69568K, reserved 1114112K
  class space    used 6972K, committed 7616K, reserved 1048576K
}
Event: 4306.416 GC heap before
{Heap before GC invocations=398 (full 4):
 PSYoungGen      total 5120K, used 5040K [0x00000000d5580000, 0x00000000d5e80000, 0x0000000100000000)
  eden space 2560K, 100% used [0x00000000d5580000,0x00000000d5800000,0x00000000d5800000)
  from space 2560K, 96% used [0x00000000d5b00000,0x00000000d5d6c088,0x00000000d5d80000)
  to   space 3072K, 0% used [0x00000000d5800000,0x00000000d5800000,0x00000000d5b00000)
 ParOldGen       total 477696K, used 477305K [0x0000000080000000, 0x000000009d280000, 0x00000000d5580000)
  object space 477696K, 99% used [0x0000000080000000,0x000000009d21e568,0x000000009d280000)
 Metaspace       used 68119K, committed 69568K, reserved 1114112K
  class space    used 6974K, committed 7616K, reserved 1048576K
}
Event: 4306.420 GC heap after
{Heap after GC invocations=398 (full 4):
 PSYoungGen      total 4096K, used 1513K [0x00000000d5580000, 0x00000000d5c00000, 0x0000000100000000)
  eden space 2560K, 0% used [0x00000000d5580000,0x00000000d5580000,0x00000000d5800000)
  from space 1536K, 98% used [0x00000000d5800000,0x00000000d597a708,0x00000000d5980000)
  to   space 2048K, 0% used [0x00000000d5a00000,0x00000000d5a00000,0x00000000d5c00000)
 ParOldGen       total 479744K, used 479729K [0x0000000080000000, 0x000000009d480000, 0x00000000d5580000)
  object space 479744K, 99% used [0x0000000080000000,0x000000009d47c660,0x000000009d480000)
 Metaspace       used 68119K, committed 69568K, reserved 1114112K
  class space    used 6974K, committed 7616K, reserved 1048576K
}
Event: 4306.666 GC heap before
{Heap before GC invocations=399 (full 4):
 PSYoungGen      total 4096K, used 4073K [0x00000000d5580000, 0x00000000d5c00000, 0x0000000100000000)
  eden space 2560K, 100% used [0x00000000d5580000,0x00000000d5800000,0x00000000d5800000)
  from space 1536K, 98% used [0x00000000d5800000,0x00000000d597a708,0x00000000d5980000)
  to   space 2048K, 0% used [0x00000000d5a00000,0x00000000d5a00000,0x00000000d5c00000)
 ParOldGen       total 479744K, used 479729K [0x0000000080000000, 0x000000009d480000, 0x00000000d5580000)
  object space 479744K, 99% used [0x0000000080000000,0x000000009d47c660,0x000000009d480000)
 Metaspace       used 68141K, committed 69568K, reserved 1114112K
  class space    used 6974K, committed 7616K, reserved 1048576K
}
Event: 4306.669 GC heap after
{Heap after GC invocations=399 (full 4):
 PSYoungGen      total 3584K, used 640K [0x00000000d5580000, 0x00000000d5b00000, 0x0000000100000000)
  eden space 2560K, 0% used [0x00000000d5580000,0x00000000d5580000,0x00000000d5800000)
  from space 1024K, 62% used [0x00000000d5a00000,0x00000000d5aa0000,0x00000000d5b00000)
  to   space 1024K, 0% used [0x00000000d5900000,0x00000000d5900000,0x00000000d5a00000)
 ParOldGen       total 481280K, used 481148K [0x0000000080000000, 0x000000009d600000, 0x00000000d5580000)
  object space 481280K, 99% used [0x0000000080000000,0x000000009d5df0f8,0x000000009d600000)
 Metaspace       used 68141K, committed 69568K, reserved 1114112K
  class space    used 6974K, committed 7616K, reserved 1048576K
}
Event: 4307.050 GC heap before
{Heap before GC invocations=400 (full 4):
 PSYoungGen      total 3584K, used 3200K [0x00000000d5580000, 0x00000000d5b00000, 0x0000000100000000)
  eden space 2560K, 100% used [0x00000000d5580000,0x00000000d5800000,0x00000000d5800000)
  from space 1024K, 62% used [0x00000000d5a00000,0x00000000d5aa0000,0x00000000d5b00000)
  to   space 1024K, 0% used [0x00000000d5900000,0x00000000d5900000,0x00000000d5a00000)
 ParOldGen       total 513024K, used 511868K [0x0000000080000000, 0x000000009f500000, 0x00000000d5580000)
  object space 513024K, 99% used [0x0000000080000000,0x000000009f3df128,0x000000009f500000)
 Metaspace       used 68152K, committed 69568K, reserved 1114112K
  class space    used 6974K, committed 7616K, reserved 1048576K
}
Event: 4307.052 GC heap after
{Heap after GC invocations=400 (full 4):
 PSYoungGen      total 3584K, used 256K [0x00000000d5580000, 0x00000000d5a80000, 0x0000000100000000)
  eden space 2560K, 0% used [0x00000000d5580000,0x00000000d5580000,0x00000000d5800000)
  from space 1024K, 25% used [0x00000000d5900000,0x00000000d5940000,0x00000000d5a00000)
  to   space 512K, 0% used [0x00000000d5a00000,0x00000000d5a00000,0x00000000d5a80000)
 ParOldGen       total 513024K, used 512368K [0x0000000080000000, 0x000000009f500000, 0x00000000d5580000)
  object space 513024K, 99% used [0x0000000080000000,0x000000009f45c138,0x000000009f500000)
 Metaspace       used 68152K, committed 69568K, reserved 1114112K
  class space    used 6974K, committed 7616K, reserved 1048576K
}

