# JRE version: Java(TM) SE Runtime Environment (21.0.7+8) (build 21.0.7+8-LTS-245)
# Java VM: Java HotSpot(TM) 64-Bit Server VM (21.0.7+8-LTS-245, mixed mode, tiered, compressed oops, compressed class ptrs, g1 gc, windows-amd64)
GC Precious Log:
 CardTable entry size: 512
 Card Set container configuration: InlinePtr #cards 5 size 8 Array Of Cards #cards 12 size 40 Howl #buckets 4 coarsen threshold 1843 Howl Bitmap #cards 512 size 80 coarsen threshold 460 Card regions per heap region 1 cards per card region 2048
 CPUs: 4 total, 4 available
 Memory: 8072M
 Large Page Support: Disabled
 NUMA Support: Disabled
 Compressed Oops: Enabled (32-bit)
 Heap Region Size: 1M
 Heap Min Capacity: 8M
 Heap Initial Capacity: 128M
 Heap Max Capacity: 2020M
 Pre-touch: Disabled
 Parallel Workers: 4
 Concurrent Workers: 1
 Concurrent Refinement Workers: 4
 Periodic GC: Disabled
Heap:
 garbage-first heap   total 80896K, used 49380K [0x0000000081c00000, 0x0000000100000000)
  region size 1024K, 27 young (27648K), 3 survivors (3072K)
 Metaspace       used 35513K, committed 35904K, reserved 1114112K
  class space    used 3726K, committed 3904K, reserved 1048576K
GC Heap History (20 events):
Event: 1.868 GC heap before
{Heap before GC invocations=0 (full 0):
 garbage-first heap   total 131072K, used 13312K [0x0000000081c00000, 0x0000000100000000)
  region size 1024K, 13 young (13312K), 0 survivors (0K)
 Metaspace       used 12303K, committed 12480K, reserved 1114112K
  class space    used 1096K, committed 1216K, reserved 1048576K
}
Event: 1.874 GC heap after
{Heap after GC invocations=1 (full 0):
 garbage-first heap   total 131072K, used 3327K [0x0000000081c00000, 0x0000000100000000)
  region size 1024K, 2 young (2048K), 2 survivors (2048K)
 Metaspace       used 12303K, committed 12480K, reserved 1114112K
  class space    used 1096K, committed 1216K, reserved 1048576K
}
Event: 2.774 GC heap before
{Heap before GC invocations=1 (full 0):
 garbage-first heap   total 131072K, used 19711K [0x0000000081c00000, 0x0000000100000000)
  region size 1024K, 18 young (18432K), 2 survivors (2048K)
 Metaspace       used 14954K, committed 15104K, reserved 1114112K
  class space    used 1456K, committed 1536K, reserved 1048576K
}
Event: 2.781 GC heap after
{Heap after GC invocations=2 (full 0):
 garbage-first heap   total 131072K, used 4201K [0x0000000081c00000, 0x0000000100000000)
  region size 1024K, 1 young (1024K), 1 survivors (1024K)
 Metaspace       used 14954K, committed 15104K, reserved 1114112K
  class space    used 1456K, committed 1536K, reserved 1048576K
}
Event: 4.817 GC heap before
{Heap before GC invocations=2 (full 0):
 garbage-first heap   total 131072K, used 42089K [0x0000000081c00000, 0x0000000100000000)
  region size 1024K, 40 young (40960K), 1 survivors (1024K)
 Metaspace       used 21308K, committed 21504K, reserved 1114112K
  class space    used 2263K, committed 2368K, reserved 1048576K
}
Event: 4.825 GC heap after
{Heap after GC invocations=3 (full 0):
 garbage-first heap   total 131072K, used 7038K [0x0000000081c00000, 0x0000000100000000)
  region size 1024K, 4 young (4096K), 4 survivors (4096K)
 Metaspace       used 21308K, committed 21504K, reserved 1114112K
  class space    used 2263K, committed 2368K, reserved 1048576K
}
Event: 5.900 GC heap before
{Heap before GC invocations=4 (full 0):
 garbage-first heap   total 30720K, used 21374K [0x0000000081c00000, 0x0000000100000000)
  region size 1024K, 18 young (18432K), 4 survivors (4096K)
 Metaspace       used 23695K, committed 23936K, reserved 1114112K
  class space    used 2512K, committed 2624K, reserved 1048576K
}
Event: 5.918 GC heap after
{Heap after GC invocations=5 (full 0):
 garbage-first heap   total 30720K, used 9763K [0x0000000081c00000, 0x0000000100000000)
  region size 1024K, 3 young (3072K), 3 survivors (3072K)
 Metaspace       used 23695K, committed 23936K, reserved 1114112K
  class space    used 2512K, committed 2624K, reserved 1048576K
}
Event: 6.373 GC heap before
{Heap before GC invocations=5 (full 0):
 garbage-first heap   total 30720K, used 22051K [0x0000000081c00000, 0x0000000100000000)
  region size 1024K, 15 young (15360K), 3 survivors (3072K)
 Metaspace       used 23896K, committed 24128K, reserved 1114112K
  class space    used 2513K, committed 2624K, reserved 1048576K
}
Event: 6.386 GC heap after
{Heap after GC invocations=6 (full 0):
 garbage-first heap   total 30720K, used 11191K [0x0000000081c00000, 0x0000000100000000)
  region size 1024K, 2 young (2048K), 2 survivors (2048K)
 Metaspace       used 23896K, committed 24128K, reserved 1114112K
  class space    used 2513K, committed 2624K, reserved 1048576K
}
Event: 6.876 GC heap before
{Heap before GC invocations=6 (full 0):
 garbage-first heap   total 30720K, used 23479K [0x0000000081c00000, 0x0000000100000000)
  region size 1024K, 14 young (14336K), 2 survivors (2048K)
 Metaspace       used 24517K, committed 24768K, reserved 1114112K
  class space    used 2587K, committed 2688K, reserved 1048576K
}
Event: 6.887 GC heap after
{Heap after GC invocations=7 (full 0):
 garbage-first heap   total 30720K, used 13227K [0x0000000081c00000, 0x0000000100000000)
  region size 1024K, 2 young (2048K), 2 survivors (2048K)
 Metaspace       used 24517K, committed 24768K, reserved 1114112K
  class space    used 2587K, committed 2688K, reserved 1048576K
}
Event: 7.417 GC heap before
{Heap before GC invocations=7 (full 0):
 garbage-first heap   total 30720K, used 24491K [0x0000000081c00000, 0x0000000100000000)
  region size 1024K, 13 young (13312K), 2 survivors (2048K)
 Metaspace       used 24649K, committed 24896K, reserved 1114112K
  class space    used 2587K, committed 2688K, reserved 1048576K
}
Event: 7.425 GC heap after
{Heap after GC invocations=8 (full 0):
 garbage-first heap   total 30720K, used 14177K [0x0000000081c00000, 0x0000000100000000)
  region size 1024K, 1 young (1024K), 1 survivors (1024K)
 Metaspace       used 24649K, committed 24896K, reserved 1114112K
  class space    used 2587K, committed 2688K, reserved 1048576K
}
Event: 7.831 GC heap before
{Heap before GC invocations=8 (full 0):
 garbage-first heap   total 30720K, used 25441K [0x0000000081c00000, 0x0000000100000000)
  region size 1024K, 12 young (12288K), 1 survivors (1024K)
 Metaspace       used 24730K, committed 24960K, reserved 1114112K
  class space    used 2588K, committed 2688K, reserved 1048576K
}
Event: 7.835 GC heap after
{Heap after GC invocations=9 (full 0):
 garbage-first heap   total 80896K, used 14674K [0x0000000081c00000, 0x0000000100000000)
  region size 1024K, 2 young (2048K), 2 survivors (2048K)
 Metaspace       used 24730K, committed 24960K, reserved 1114112K
  class space    used 2588K, committed 2688K, reserved 1048576K
}
Event: 9.749 GC heap before
{Heap before GC invocations=9 (full 0):
 garbage-first heap   total 80896K, used 69970K [0x0000000081c00000, 0x0000000100000000)
  region size 1024K, 38 young (38912K), 2 survivors (2048K)
 Metaspace       used 26907K, committed 27200K, reserved 1114112K
  class space    used 2757K, committed 2880K, reserved 1048576K
}
Event: 9.761 GC heap after
{Heap after GC invocations=10 (full 0):
 garbage-first heap   total 80896K, used 37268K [0x0000000081c00000, 0x0000000100000000)
  region size 1024K, 4 young (4096K), 4 survivors (4096K)
 Metaspace       used 26907K, committed 27200K, reserved 1114112K
  class space    used 2757K, committed 2880K, reserved 1048576K
}
Event: 11.183 GC heap before
{Heap before GC invocations=10 (full 0):
 garbage-first heap   total 80896K, used 64916K [0x0000000081c00000, 0x0000000100000000)
  region size 1024K, 20 young (20480K), 4 survivors (4096K)
 Metaspace       used 29446K, committed 29760K, reserved 1114112K
  class space    used 3041K, committed 3200K, reserved 1048576K
}
Event: 11.194 GC heap after
{Heap after GC invocations=11 (full 0):
 garbage-first heap   total 80896K, used 17636K [0x0000000081c00000, 0x0000000100000000)
  region size 1024K, 3 young (3072K), 3 survivors (3072K)
 Metaspace       used 29446K, committed 29760K, reserved 1114112K
  class space    used 3041K, committed 3200K, reserved 1048576K
}

